C:\Program Files (x86)\MSBuild\Microsoft.Cpp\v4.0\V140\Microsoft.CppBuild.targets(367,5): warning MSB8004: Intermediate Directory does not end with a trailing slash.  This build instance will add the slash as it is required to allow proper evaluation of the Intermediate Directory.
C:\Program Files (x86)\MSBuild\Microsoft.Cpp\v4.0\V140\Microsoft.CppBuild.targets(368,5): warning MSB8004: Output Directory does not end with a trailing slash.  This build instance will add the slash as it is required to allow proper evaluation of the Output Directory.
  client.cpp
d:\mystudy\cppmillionnetwork\v1\cppnet100\hellosocket\easytcpclent\easytcpclient.hpp(58): warning C4477: “printf”: 格式字符串“%d”需要类型“int”的参数，但可变参数 1 拥有了类型“SOCKET”
  d:\mystudy\cppmillionnetwork\v1\cppnet100\hellosocket\easytcpclent\easytcpclient.hpp(58): note: 请考虑在格式字符串中使用“%lld”
  d:\mystudy\cppmillionnetwork\v1\cppnet100\hellosocket\easytcpclent\easytcpclient.hpp(58): note: 请考虑在格式字符串中使用“%Id”
  d:\mystudy\cppmillionnetwork\v1\cppnet100\hellosocket\easytcpclent\easytcpclient.hpp(58): note: 请考虑在格式字符串中使用“%I64d”
d:\mystudy\cppmillionnetwork\v1\cppnet100\hellosocket\easytcpclent\easytcpclient.hpp(93): warning C4477: “printf”: 格式字符串“%d”需要类型“int”的参数，但可变参数 1 拥有了类型“SOCKET”
  d:\mystudy\cppmillionnetwork\v1\cppnet100\hellosocket\easytcpclent\easytcpclient.hpp(93): note: 请考虑在格式字符串中使用“%lld”
  d:\mystudy\cppmillionnetwork\v1\cppnet100\hellosocket\easytcpclent\easytcpclient.hpp(93): note: 请考虑在格式字符串中使用“%Id”
  d:\mystudy\cppmillionnetwork\v1\cppnet100\hellosocket\easytcpclent\easytcpclient.hpp(93): note: 请考虑在格式字符串中使用“%I64d”
d:\mystudy\cppmillionnetwork\v1\cppnet100\hellosocket\easytcpclent\easytcpclient.hpp(118): warning C4244: “参数”: 从“SOCKET”转换到“int”，可能丢失数据
d:\mystudy\cppmillionnetwork\v1\cppnet100\hellosocket\easytcpclent\easytcpclient.hpp(121): warning C4477: “printf”: 格式字符串“%d”需要类型“int”的参数，但可变参数 1 拥有了类型“SOCKET”
  d:\mystudy\cppmillionnetwork\v1\cppnet100\hellosocket\easytcpclent\easytcpclient.hpp(121): note: 请考虑在格式字符串中使用“%lld”
  d:\mystudy\cppmillionnetwork\v1\cppnet100\hellosocket\easytcpclent\easytcpclient.hpp(121): note: 请考虑在格式字符串中使用“%Id”
  d:\mystudy\cppmillionnetwork\v1\cppnet100\hellosocket\easytcpclent\easytcpclient.hpp(121): note: 请考虑在格式字符串中使用“%I64d”
d:\mystudy\cppmillionnetwork\v1\cppnet100\hellosocket\easytcpclent\easytcpclient.hpp(128): warning C4477: “printf”: 格式字符串“%d”需要类型“int”的参数，但可变参数 1 拥有了类型“SOCKET”
  d:\mystudy\cppmillionnetwork\v1\cppnet100\hellosocket\easytcpclent\easytcpclient.hpp(128): note: 请考虑在格式字符串中使用“%lld”
  d:\mystudy\cppmillionnetwork\v1\cppnet100\hellosocket\easytcpclent\easytcpclient.hpp(128): note: 请考虑在格式字符串中使用“%Id”
  d:\mystudy\cppmillionnetwork\v1\cppnet100\hellosocket\easytcpclent\easytcpclient.hpp(128): note: 请考虑在格式字符串中使用“%I64d”
d:\mystudy\cppmillionnetwork\v1\cppnet100\hellosocket\easytcpclent\easytcpclient.hpp(165): warning C4477: “printf”: 格式字符串“%d”需要类型“int”的参数，但可变参数 1 拥有了类型“SOCKET”
  d:\mystudy\cppmillionnetwork\v1\cppnet100\hellosocket\easytcpclent\easytcpclient.hpp(165): note: 请考虑在格式字符串中使用“%lld”
  d:\mystudy\cppmillionnetwork\v1\cppnet100\hellosocket\easytcpclent\easytcpclient.hpp(165): note: 请考虑在格式字符串中使用“%Id”
  d:\mystudy\cppmillionnetwork\v1\cppnet100\hellosocket\easytcpclent\easytcpclient.hpp(165): note: 请考虑在格式字符串中使用“%I64d”
d:\mystudy\cppmillionnetwork\v1\cppnet100\hellosocket\easytcpclent\easytcpclient.hpp(237): warning C4477: “printf”: 格式字符串“%d”需要类型“int”的参数，但可变参数 1 拥有了类型“SOCKET”
  d:\mystudy\cppmillionnetwork\v1\cppnet100\hellosocket\easytcpclent\easytcpclient.hpp(237): note: 请考虑在格式字符串中使用“%lld”
  d:\mystudy\cppmillionnetwork\v1\cppnet100\hellosocket\easytcpclent\easytcpclient.hpp(237): note: 请考虑在格式字符串中使用“%Id”
  d:\mystudy\cppmillionnetwork\v1\cppnet100\hellosocket\easytcpclent\easytcpclient.hpp(237): note: 请考虑在格式字符串中使用“%I64d”
d:\mystudy\cppmillionnetwork\v1\cppnet100\hellosocket\easytcpclent\easytcpclient.hpp(242): warning C4477: “printf”: 格式字符串“%d”需要类型“int”的参数，但可变参数 1 拥有了类型“SOCKET”
  d:\mystudy\cppmillionnetwork\v1\cppnet100\hellosocket\easytcpclent\easytcpclient.hpp(242): note: 请考虑在格式字符串中使用“%lld”
  d:\mystudy\cppmillionnetwork\v1\cppnet100\hellosocket\easytcpclent\easytcpclient.hpp(242): note: 请考虑在格式字符串中使用“%Id”
  d:\mystudy\cppmillionnetwork\v1\cppnet100\hellosocket\easytcpclent\easytcpclient.hpp(242): note: 请考虑在格式字符串中使用“%I64d”
  EasyTcpClent.vcxproj -> D:\myStudy\CppMillionNetwork\V1\CppNet100\HelloSocket\../bin/x64/Debug\EasyTcpClent.exe
  EasyTcpClent.vcxproj -> D:\myStudy\CppMillionNetwork\V1\CppNet100\HelloSocket\../bin/x64/Debug\EasyTcpClent.pdb (Full PDB)
