C:\Program Files (x86)\MSBuild\Microsoft.Cpp\v4.0\V140\Microsoft.CppBuild.targets(367,5): warning MSB8004: Intermediate Directory does not end with a trailing slash.  This build instance will add the slash as it is required to allow proper evaluation of the Intermediate Directory.
C:\Program Files (x86)\MSBuild\Microsoft.Cpp\v4.0\V140\Microsoft.CppBuild.targets(368,5): warning MSB8004: Output Directory does not end with a trailing slash.  This build instance will add the slash as it is required to allow proper evaluation of the Output Directory.
  server.cpp
d:\mystudy\cppmillionnetwork\v1\cppnet100\hellosocket\easytcpserver\celltimestamp.hpp : warning C4828: 文件包含在偏移 0x116 处开始的字符，该字符在当前源字符集中无效(代码页 65001)。
d:\mystudy\cppmillionnetwork\v1\cppnet100\hellosocket\easytcpserver\celltimestamp.hpp : warning C4828: 文件包含在偏移 0x117 处开始的字符，该字符在当前源字符集中无效(代码页 65001)。
d:\mystudy\cppmillionnetwork\v1\cppnet100\hellosocket\easytcpserver\celltimestamp.hpp : warning C4828: 文件包含在偏移 0x11c 处开始的字符，该字符在当前源字符集中无效(代码页 65001)。
d:\mystudy\cppmillionnetwork\v1\cppnet100\hellosocket\easytcpserver\celltimestamp.hpp : warning C4828: 文件包含在偏移 0x11d 处开始的字符，该字符在当前源字符集中无效(代码页 65001)。
d:\mystudy\cppmillionnetwork\v1\cppnet100\hellosocket\easytcpserver\celltimestamp.hpp : warning C4828: 文件包含在偏移 0x129 处开始的字符，该字符在当前源字符集中无效(代码页 65001)。
d:\mystudy\cppmillionnetwork\v1\cppnet100\hellosocket\easytcpserver\celltimestamp.hpp : warning C4828: 文件包含在偏移 0x12a 处开始的字符，该字符在当前源字符集中无效(代码页 65001)。
d:\mystudy\cppmillionnetwork\v1\cppnet100\hellosocket\easytcpserver\celltimestamp.hpp : warning C4828: 文件包含在偏移 0x12e 处开始的字符，该字符在当前源字符集中无效(代码页 65001)。
d:\mystudy\cppmillionnetwork\v1\cppnet100\hellosocket\easytcpserver\celltimestamp.hpp : warning C4828: 文件包含在偏移 0x131 处开始的字符，该字符在当前源字符集中无效(代码页 65001)。
d:\mystudy\cppmillionnetwork\v1\cppnet100\hellosocket\easytcpserver\celltimestamp.hpp : warning C4828: 文件包含在偏移 0x133 处开始的字符，该字符在当前源字符集中无效(代码页 65001)。
d:\mystudy\cppmillionnetwork\v1\cppnet100\hellosocket\easytcpserver\celltimestamp.hpp : warning C4828: 文件包含在偏移 0x18f 处开始的字符，该字符在当前源字符集中无效(代码页 65001)。
d:\mystudy\cppmillionnetwork\v1\cppnet100\hellosocket\easytcpserver\celltimestamp.hpp : warning C4828: 文件包含在偏移 0x190 处开始的字符，该字符在当前源字符集中无效(代码页 65001)。
d:\mystudy\cppmillionnetwork\v1\cppnet100\hellosocket\easytcpserver\celltimestamp.hpp : warning C4828: 文件包含在偏移 0x194 处开始的字符，该字符在当前源字符集中无效(代码页 65001)。
d:\mystudy\cppmillionnetwork\v1\cppnet100\hellosocket\easytcpserver\celltimestamp.hpp : warning C4828: 文件包含在偏移 0x197 处开始的字符，该字符在当前源字符集中无效(代码页 65001)。
d:\mystudy\cppmillionnetwork\v1\cppnet100\hellosocket\easytcpserver\celltimestamp.hpp : warning C4828: 文件包含在偏移 0x198 处开始的字符，该字符在当前源字符集中无效(代码页 65001)。
d:\mystudy\cppmillionnetwork\v1\cppnet100\hellosocket\easytcpserver\celltimestamp.hpp : warning C4828: 文件包含在偏移 0x199 处开始的字符，该字符在当前源字符集中无效(代码页 65001)。
d:\mystudy\cppmillionnetwork\v1\cppnet100\hellosocket\easytcpserver\celltimestamp.hpp : warning C4828: 文件包含在偏移 0x200 处开始的字符，该字符在当前源字符集中无效(代码页 65001)。
d:\mystudy\cppmillionnetwork\v1\cppnet100\hellosocket\easytcpserver\celltimestamp.hpp : warning C4828: 文件包含在偏移 0x201 处开始的字符，该字符在当前源字符集中无效(代码页 65001)。
d:\mystudy\cppmillionnetwork\v1\cppnet100\hellosocket\easytcpserver\celltimestamp.hpp : warning C4828: 文件包含在偏移 0x205 处开始的字符，该字符在当前源字符集中无效(代码页 65001)。
d:\mystudy\cppmillionnetwork\v1\cppnet100\hellosocket\easytcpserver\celltimestamp.hpp : warning C4828: 文件包含在偏移 0x20a 处开始的字符，该字符在当前源字符集中无效(代码页 65001)。
d:\mystudy\cppmillionnetwork\v1\cppnet100\hellosocket\easytcpserver\celltimestamp.hpp : warning C4828: 文件包含在偏移 0x20c 处开始的字符，该字符在当前源字符集中无效(代码页 65001)。
d:\mystudy\cppmillionnetwork\v1\cppnet100\hellosocket\easytcpserver\celltimestamp.hpp(36): warning C4244: “return”: 从“__int64”转换到“double”，可能丢失数据
d:\mystudy\cppmillionnetwork\v1\cppnet100\hellosocket\easytcpserver\easytcpserver.hpp(88): warning C4819: 该文件包含不能在当前代码页(0)中表示的字符。请将该文件保存为 Unicode 格式以防止数据丢失
d:\mystudy\cppmillionnetwork\v1\cppnet100\hellosocket\easytcpserver\easytcpserver.hpp(124): warning C4819: 该文件包含不能在当前代码页(0)中表示的字符。请将该文件保存为 Unicode 格式以防止数据丢失
d:\mystudy\cppmillionnetwork\v1\cppnet100\hellosocket\easytcpserver\easytcpserver.hpp(127): warning C4819: 该文件包含不能在当前代码页(0)中表示的字符。请将该文件保存为 Unicode 格式以防止数据丢失
d:\mystudy\cppmillionnetwork\v1\cppnet100\hellosocket\easytcpserver\easytcpserver.hpp(136): warning C4819: 该文件包含不能在当前代码页(0)中表示的字符。请将该文件保存为 Unicode 格式以防止数据丢失
d:\mystudy\cppmillionnetwork\v1\cppnet100\hellosocket\easytcpserver\easytcpserver.hpp(139): warning C4819: 该文件包含不能在当前代码页(0)中表示的字符。请将该文件保存为 Unicode 格式以防止数据丢失
d:\mystudy\cppmillionnetwork\v1\cppnet100\hellosocket\easytcpserver\easytcpserver.hpp(259): warning C4819: 该文件包含不能在当前代码页(0)中表示的字符。请将该文件保存为 Unicode 格式以防止数据丢失
  EasyTcpServer.vcxproj -> D:\myStudy\CppMillionNetwork\V1\CppNet100\HelloSocket\../bin/Win32/Debug\EasyTcpServer.exe
  EasyTcpServer.vcxproj -> D:\myStudy\CppMillionNetwork\V1\CppNet100\HelloSocket\../bin/Win32/Debug\EasyTcpServer.pdb (Full PDB)
